<component name="ArtifactManager">
  <artifact type="jar" name="jUnit:jar">
    <output-path>$PROJECT_DIR$/out/artifacts/jUnit_jar</output-path>
    <root id="archive" name="jUnit.jar">
      <element id="module-output" name="jUnit" />
    </root>
  </artifact>
</component>